<?xml version="1.0" encoding="UTF-8"?>
<testsuite xmlns:xsi="http://www.w3.org/2001/XMLSchema-instance" xsi:noNamespaceSchemaLocation="https://maven.apache.org/surefire/maven-surefire-plugin/xsd/surefire-test-report.xsd" name="com.mermaid.application.AppTest" time="0.049" tests="1" errors="0" skipped="0" failures="0">
  <properties>
    <property name="sun.desktop" value="windows"/>
    <property name="awt.toolkit" value="sun.awt.windows.WToolkit"/>
    <property name="file.encoding.pkg" value="sun.io"/>
    <property name="java.specification.version" value="1.8"/>
    <property name="sun.cpu.isalist" value="amd64"/>
    <property name="sun.jnu.encoding" value="GBK"/>
    <property name="java.class.path" value="F:\gitProject\user-management\modules\sdk\target\test-classes;F:\gitProject\user-management\modules\sdk\target\classes;F:\repository\com\mermaid\framework\mermaid-core\1.0-SNAPSHOT\mermaid-core-1.0-SNAPSHOT.jar;F:\repository\org\springframework\boot\spring-boot-starter-web\1.5.8.RELEASE\spring-boot-starter-web-1.5.8.RELEASE.jar;F:\repository\org\springframework\boot\spring-boot-starter\1.5.8.RELEASE\spring-boot-starter-1.5.8.RELEASE.jar;F:\repository\org\springframework\boot\spring-boot\1.5.8.RELEASE\spring-boot-1.5.8.RELEASE.jar;F:\repository\org\springframework\boot\spring-boot-starter-logging\1.5.8.RELEASE\spring-boot-starter-logging-1.5.8.RELEASE.jar;F:\repository\ch\qos\logback\logback-classic\1.1.11\logback-classic-1.1.11.jar;F:\repository\ch\qos\logback\logback-core\1.1.11\logback-core-1.1.11.jar;F:\repository\org\slf4j\jcl-over-slf4j\1.7.25\jcl-over-slf4j-1.7.25.jar;F:\repository\org\slf4j\jul-to-slf4j\1.7.25\jul-to-slf4j-1.7.25.jar;F:\repository\org\slf4j\log4j-over-slf4j\1.7.25\log4j-over-slf4j-1.7.25.jar;F:\repository\org\yaml\snakeyaml\1.17\snakeyaml-1.17.jar;F:\repository\org\springframework\boot\spring-boot-starter-tomcat\1.5.8.RELEASE\spring-boot-starter-tomcat-1.5.8.RELEASE.jar;F:\repository\org\apache\tomcat\embed\tomcat-embed-core\8.5.23\tomcat-embed-core-8.5.23.jar;F:\repository\org\apache\tomcat\tomcat-annotations-api\8.5.23\tomcat-annotations-api-8.5.23.jar;F:\repository\org\apache\tomcat\embed\tomcat-embed-el\8.5.23\tomcat-embed-el-8.5.23.jar;F:\repository\org\apache\tomcat\embed\tomcat-embed-websocket\8.5.23\tomcat-embed-websocket-8.5.23.jar;F:\repository\org\hibernate\hibernate-validator\5.3.5.Final\hibernate-validator-5.3.5.Final.jar;F:\repository\javax\validation\validation-api\1.1.0.Final\validation-api-1.1.0.Final.jar;F:\repository\org\jboss\logging\jboss-logging\3.3.0.Final\jboss-logging-3.3.0.Final.jar;F:\repository\com\fasterxml\jackson\core\jackson-databind\2.8.10\jackson-databind-2.8.10.jar;F:\repository\com\fasterxml\jackson\core\jackson-annotations\2.8.0\jackson-annotations-2.8.0.jar;F:\repository\com\fasterxml\jackson\core\jackson-core\2.8.10\jackson-core-2.8.10.jar;F:\repository\org\springframework\spring-web\4.3.12.RELEASE\spring-web-4.3.12.RELEASE.jar;F:\repository\org\springframework\spring-aop\4.3.12.RELEASE\spring-aop-4.3.12.RELEASE.jar;F:\repository\org\springframework\spring-beans\4.3.12.RELEASE\spring-beans-4.3.12.RELEASE.jar;F:\repository\org\springframework\spring-context\4.3.12.RELEASE\spring-context-4.3.12.RELEASE.jar;F:\repository\org\springframework\spring-webmvc\4.3.12.RELEASE\spring-webmvc-4.3.12.RELEASE.jar;F:\repository\org\springframework\spring-expression\4.3.12.RELEASE\spring-expression-4.3.12.RELEASE.jar;F:\repository\org\springframework\boot\spring-boot-starter-test\1.5.8.RELEASE\spring-boot-starter-test-1.5.8.RELEASE.jar;F:\repository\org\springframework\boot\spring-boot-test\1.5.8.RELEASE\spring-boot-test-1.5.8.RELEASE.jar;F:\repository\org\springframework\boot\spring-boot-test-autoconfigure\1.5.8.RELEASE\spring-boot-test-autoconfigure-1.5.8.RELEASE.jar;F:\repository\com\jayway\jsonpath\json-path\2.2.0\json-path-2.2.0.jar;F:\repository\net\minidev\json-smart\2.2.1\json-smart-2.2.1.jar;F:\repository\net\minidev\accessors-smart\1.1\accessors-smart-1.1.jar;F:\repository\org\assertj\assertj-core\2.6.0\assertj-core-2.6.0.jar;F:\repository\org\mockito\mockito-core\1.10.19\mockito-core-1.10.19.jar;F:\repository\org\objenesis\objenesis\2.1\objenesis-2.1.jar;F:\repository\org\hamcrest\hamcrest-library\1.3\hamcrest-library-1.3.jar;F:\repository\org\skyscreamer\jsonassert\1.4.0\jsonassert-1.4.0.jar;F:\repository\com\vaadin\external\google\android-json\0.0.20131108.vaadin1\android-json-0.0.20131108.vaadin1.jar;F:\repository\org\springframework\spring-core\4.3.12.RELEASE\spring-core-4.3.12.RELEASE.jar;F:\repository\org\springframework\spring-test\4.3.12.RELEASE\spring-test-4.3.12.RELEASE.jar;F:\repository\io\springfox\springfox-swagger2\2.7.0\springfox-swagger2-2.7.0.jar;F:\repository\io\swagger\swagger-annotations\1.5.13\swagger-annotations-1.5.13.jar;F:\repository\io\swagger\swagger-models\1.5.13\swagger-models-1.5.13.jar;F:\repository\io\springfox\springfox-spi\2.7.0\springfox-spi-2.7.0.jar;F:\repository\io\springfox\springfox-core\2.7.0\springfox-core-2.7.0.jar;F:\repository\net\bytebuddy\byte-buddy\1.6.14\byte-buddy-1.6.14.jar;F:\repository\io\springfox\springfox-schema\2.7.0\springfox-schema-2.7.0.jar;F:\repository\io\springfox\springfox-swagger-common\2.7.0\springfox-swagger-common-2.7.0.jar;F:\repository\io\springfox\springfox-spring-web\2.7.0\springfox-spring-web-2.7.0.jar;F:\repository\org\reflections\reflections\0.9.11\reflections-0.9.11.jar;F:\repository\org\javassist\javassist\3.21.0-GA\javassist-3.21.0-GA.jar;F:\repository\com\google\guava\guava\18.0\guava-18.0.jar;F:\repository\com\fasterxml\classmate\1.3.3\classmate-1.3.3.jar;F:\repository\org\slf4j\slf4j-api\1.7.24\slf4j-api-1.7.24.jar;F:\repository\org\springframework\plugin\spring-plugin-core\1.2.0.RELEASE\spring-plugin-core-1.2.0.RELEASE.jar;F:\repository\org\springframework\plugin\spring-plugin-metadata\1.2.0.RELEASE\spring-plugin-metadata-1.2.0.RELEASE.jar;F:\repository\org\mapstruct\mapstruct\1.1.0.Final\mapstruct-1.1.0.Final.jar;F:\repository\io\springfox\springfox-swagger-ui\2.7.0\springfox-swagger-ui-2.7.0.jar;F:\repository\io\springfox\springfox-bean-validators\2.7.0\springfox-bean-validators-2.7.0.jar;F:\repository\org\springframework\cloud\spring-cloud-starter-feign\1.3.5.RELEASE\spring-cloud-starter-feign-1.3.5.RELEASE.jar;F:\repository\org\springframework\cloud\spring-cloud-starter\1.2.4.RELEASE\spring-cloud-starter-1.2.4.RELEASE.jar;F:\repository\org\springframework\cloud\spring-cloud-context\1.2.4.RELEASE\spring-cloud-context-1.2.4.RELEASE.jar;F:\repository\org\springframework\security\spring-security-rsa\1.0.3.RELEASE\spring-security-rsa-1.0.3.RELEASE.jar;F:\repository\org\bouncycastle\bcpkix-jdk15on\1.55\bcpkix-jdk15on-1.55.jar;F:\repository\org\bouncycastle\bcprov-jdk15on\1.55\bcprov-jdk15on-1.55.jar;F:\repository\org\springframework\cloud\spring-cloud-netflix-core\1.3.5.RELEASE\spring-cloud-netflix-core-1.3.5.RELEASE.jar;F:\repository\org\springframework\cloud\spring-cloud-commons\1.2.4.RELEASE\spring-cloud-commons-1.2.4.RELEASE.jar;F:\repository\org\springframework\security\spring-security-crypto\4.2.3.RELEASE\spring-security-crypto-4.2.3.RELEASE.jar;F:\repository\io\github\openfeign\feign-core\9.5.0\feign-core-9.5.0.jar;F:\repository\org\jvnet\animal-sniffer-annotation\1.0\animal-sniffer-annotation-1.0.jar;F:\repository\io\github\openfeign\feign-slf4j\9.5.0\feign-slf4j-9.5.0.jar;F:\repository\io\github\openfeign\feign-hystrix\9.5.0\feign-hystrix-9.5.0.jar;F:\repository\com\netflix\archaius\archaius-core\0.6.6\archaius-core-0.6.6.jar;F:\repository\com\google\code\findbugs\annotations\2.0.0\annotations-2.0.0.jar;F:\repository\org\springframework\cloud\spring-cloud-starter-ribbon\1.3.5.RELEASE\spring-cloud-starter-ribbon-1.3.5.RELEASE.jar;F:\repository\com\netflix\ribbon\ribbon\2.2.2\ribbon-2.2.2.jar;F:\repository\com\netflix\ribbon\ribbon-transport\2.2.2\ribbon-transport-2.2.2.jar;F:\repository\io\reactivex\rxnetty-contexts\0.4.9\rxnetty-contexts-0.4.9.jar;F:\repository\io\reactivex\rxnetty-servo\0.4.9\rxnetty-servo-0.4.9.jar;F:\repository\javax\inject\javax.inject\1\javax.inject-1.jar;F:\repository\io\reactivex\rxnetty\0.4.9\rxnetty-0.4.9.jar;F:\repository\io\netty\netty-codec-http\4.0.27.Final\netty-codec-http-4.0.27.Final.jar;F:\repository\io\netty\netty-codec\4.0.27.Final\netty-codec-4.0.27.Final.jar;F:\repository\io\netty\netty-handler\4.0.27.Final\netty-handler-4.0.27.Final.jar;F:\repository\io\netty\netty-transport-native-epoll\4.0.27.Final\netty-transport-native-epoll-4.0.27.Final.jar;F:\repository\io\netty\netty-common\4.0.27.Final\netty-common-4.0.27.Final.jar;F:\repository\io\netty\netty-buffer\4.0.27.Final\netty-buffer-4.0.27.Final.jar;F:\repository\io\netty\netty-transport\4.0.27.Final\netty-transport-4.0.27.Final.jar;F:\repository\com\netflix\ribbon\ribbon-core\2.2.2\ribbon-core-2.2.2.jar;F:\repository\commons-lang\commons-lang\2.6\commons-lang-2.6.jar;F:\repository\com\netflix\ribbon\ribbon-httpclient\2.2.2\ribbon-httpclient-2.2.2.jar;F:\repository\commons-collections\commons-collections\3.2.1\commons-collections-3.2.1.jar;F:\repository\com\netflix\netflix-commons\netflix-commons-util\0.1.1\netflix-commons-util-0.1.1.jar;F:\repository\com\netflix\ribbon\ribbon-loadbalancer\2.2.2\ribbon-loadbalancer-2.2.2.jar;F:\repository\com\netflix\netflix-commons\netflix-statistics\0.1.1\netflix-statistics-0.1.1.jar;F:\repository\io\reactivex\rxjava\1.1.10\rxjava-1.1.10.jar;F:\repository\org\springframework\cloud\spring-cloud-starter-archaius\1.3.5.RELEASE\spring-cloud-starter-archaius-1.3.5.RELEASE.jar;F:\repository\commons-configuration\commons-configuration\1.8\commons-configuration-1.8.jar;F:\repository\org\projectlombok\lombok\1.16.18\lombok-1.16.18.jar;F:\repository\org\springframework\cloud\spring-cloud-starter-eureka\1.3.5.RELEASE\spring-cloud-starter-eureka-1.3.5.RELEASE.jar;F:\repository\org\springframework\cloud\spring-cloud-netflix-eureka-client\1.3.5.RELEASE\spring-cloud-netflix-eureka-client-1.3.5.RELEASE.jar;F:\repository\com\netflix\eureka\eureka-client\1.6.2\eureka-client-1.6.2.jar;F:\repository\org\codehaus\jettison\jettison\1.3.7\jettison-1.3.7.jar;F:\repository\stax\stax-api\1.0.1\stax-api-1.0.1.jar;F:\repository\com\netflix\netflix-commons\netflix-eventbus\0.3.0\netflix-eventbus-0.3.0.jar;F:\repository\com\netflix\netflix-commons\netflix-infix\0.3.0\netflix-infix-0.3.0.jar;F:\repository\commons-jxpath\commons-jxpath\1.3\commons-jxpath-1.3.jar;F:\repository\joda-time\joda-time\2.3\joda-time-2.3.jar;F:\repository\org\antlr\antlr-runtime\3.4\antlr-runtime-3.4.jar;F:\repository\org\antlr\stringtemplate\3.2.1\stringtemplate-3.2.1.jar;F:\repository\antlr\antlr\2.7.7\antlr-2.7.7.jar;F:\repository\com\google\code\gson\gson\2.1\gson-2.1.jar;F:\repository\org\apache\commons\commons-math\2.2\commons-math-2.2.jar;F:\repository\javax\ws\rs\jsr311-api\1.1.1\jsr311-api-1.1.1.jar;F:\repository\com\netflix\servo\servo-core\0.10.1\servo-core-0.10.1.jar;F:\repository\com\netflix\servo\servo-internal\0.10.1\servo-internal-0.10.1.jar;F:\repository\com\sun\jersey\jersey-core\1.19.1\jersey-core-1.19.1.jar;F:\repository\com\sun\jersey\jersey-client\1.19.1\jersey-client-1.19.1.jar;F:\repository\com\sun\jersey\contribs\jersey-apache-client4\1.19.1\jersey-apache-client4-1.19.1.jar;F:\repository\org\apache\httpcomponents\httpclient\4.3.4\httpclient-4.3.4.jar;F:\repository\org\apache\httpcomponents\httpcore\4.3.2\httpcore-4.3.2.jar;F:\repository\commons-codec\commons-codec\1.6\commons-codec-1.6.jar;F:\repository\com\google\inject\guice\4.1.0\guice-4.1.0.jar;F:\repository\aopalliance\aopalliance\1.0\aopalliance-1.0.jar;F:\repository\com\netflix\eureka\eureka-core\1.6.2\eureka-core-1.6.2.jar;F:\repository\org\codehaus\woodstox\woodstox-core-asl\4.4.1\woodstox-core-asl-4.4.1.jar;F:\repository\javax\xml\stream\stax-api\1.0-2\stax-api-1.0-2.jar;F:\repository\org\codehaus\woodstox\stax2-api\3.1.4\stax2-api-3.1.4.jar;F:\repository\com\netflix\ribbon\ribbon-eureka\2.2.2\ribbon-eureka-2.2.2.jar;F:\repository\com\thoughtworks\xstream\xstream\1.4.9\xstream-1.4.9.jar;F:\repository\xmlpull\xmlpull\1.1.3.1\xmlpull-1.1.3.1.jar;F:\repository\xpp3\xpp3_min\1.1.4c\xpp3_min-1.1.4c.jar;F:\repository\org\aspectj\aspectjrt\1.7.1\aspectjrt-1.7.1.jar;F:\repository\org\aspectj\aspectjweaver\1.7.1\aspectjweaver-1.7.1.jar;F:\repository\org\springframework\spring-aspects\4.3.12.RELEASE\spring-aspects-4.3.12.RELEASE.jar;F:\repository\com\netflix\hystrix\hystrix-javanica\1.5.12\hystrix-javanica-1.5.12.jar;F:\repository\org\apache\commons\commons-lang3\3.1\commons-lang3-3.1.jar;F:\repository\org\ow2\asm\asm\5.0.4\asm-5.0.4.jar;F:\repository\com\netflix\hystrix\hystrix-core\1.5.12\hystrix-core-1.5.12.jar;F:\repository\org\hdrhistogram\HdrHistogram\2.1.9\HdrHistogram-2.1.9.jar;F:\repository\org\mybatis\spring\boot\mybatis-spring-boot-starter\1.3.1\mybatis-spring-boot-starter-1.3.1.jar;F:\repository\org\springframework\boot\spring-boot-starter-jdbc\1.5.6.RELEASE\spring-boot-starter-jdbc-1.5.6.RELEASE.jar;F:\repository\org\apache\tomcat\tomcat-jdbc\8.5.16\tomcat-jdbc-8.5.16.jar;F:\repository\org\apache\tomcat\tomcat-juli\8.5.16\tomcat-juli-8.5.16.jar;F:\repository\org\springframework\spring-jdbc\4.3.10.RELEASE\spring-jdbc-4.3.10.RELEASE.jar;F:\repository\org\springframework\spring-tx\4.3.10.RELEASE\spring-tx-4.3.10.RELEASE.jar;F:\repository\org\mybatis\spring\boot\mybatis-spring-boot-autoconfigure\1.3.1\mybatis-spring-boot-autoconfigure-1.3.1.jar;F:\repository\org\mybatis\mybatis\3.4.5\mybatis-3.4.5.jar;F:\repository\org\mybatis\mybatis-spring\1.3.1\mybatis-spring-1.3.1.jar;F:\repository\com\github\pagehelper\pagehelper\5.1.2\pagehelper-5.1.2.jar;F:\repository\com\github\jsqlparser\jsqlparser\1.0\jsqlparser-1.0.jar;F:\repository\com\alibaba\druid-spring-boot-starter\1.1.5\druid-spring-boot-starter-1.1.5.jar;F:\repository\com\alibaba\druid\1.1.5\druid-1.1.5.jar;F:\repository\org\springframework\boot\spring-boot-autoconfigure\1.5.6.RELEASE\spring-boot-autoconfigure-1.5.6.RELEASE.jar;F:\repository\mysql\mysql-connector-java\5.1.44\mysql-connector-java-5.1.44.jar;F:\repository\com\alibaba\fastjson\1.2.41\fastjson-1.2.41.jar;F:\repository\org\springframework\boot\spring-boot-starter-freemarker\1.5.8.RELEASE\spring-boot-starter-freemarker-1.5.8.RELEASE.jar;F:\repository\org\freemarker\freemarker\2.3.26-incubating\freemarker-2.3.26-incubating.jar;F:\repository\org\springframework\spring-context-support\4.3.12.RELEASE\spring-context-support-4.3.12.RELEASE.jar;F:\repository\commons-io\commons-io\2.4\commons-io-2.4.jar;F:\repository\org\springframework\boot\spring-boot-starter-actuator\1.5.8.RELEASE\spring-boot-starter-actuator-1.5.8.RELEASE.jar;F:\repository\org\springframework\boot\spring-boot-actuator\1.5.8.RELEASE\spring-boot-actuator-1.5.8.RELEASE.jar;F:\repository\junit\junit\4.12\junit-4.12.jar;F:\repository\org\hamcrest\hamcrest-core\1.3\hamcrest-core-1.3.jar;"/>
    <property name="java.vm.vendor" value="Oracle Corporation"/>
    <property name="sun.arch.data.model" value="64"/>
    <property name="user.variant" value=""/>
    <property name="java.vendor.url" value="http://java.oracle.com/"/>
    <property name="user.timezone" value=""/>
    <property name="java.vm.specification.version" value="1.8"/>
    <property name="os.name" value="Windows 10"/>
    <property name="user.country" value="CN"/>
    <property name="sun.java.launcher" value="SUN_STANDARD"/>
    <property name="sun.boot.library.path" value="C:\Program Files\Java\jdk1.8.0_144\jre\bin"/>
    <property name="sun.java.command" value="C:\Users\Hui\AppData\Local\Temp\surefire7840650656572721980\surefirebooter631409418719857568.jar C:\Users\Hui\AppData\Local\Temp\surefire7840650656572721980 2018-09-04T21-30-14_767-jvmRun1 surefire2431480012057142846tmp surefire_02837014421257541767tmp"/>
    <property name="surefire.test.class.path" value="F:\gitProject\user-management\modules\sdk\target\test-classes;F:\gitProject\user-management\modules\sdk\target\classes;F:\repository\com\mermaid\framework\mermaid-core\1.0-SNAPSHOT\mermaid-core-1.0-SNAPSHOT.jar;F:\repository\org\springframework\boot\spring-boot-starter-web\1.5.8.RELEASE\spring-boot-starter-web-1.5.8.RELEASE.jar;F:\repository\org\springframework\boot\spring-boot-starter\1.5.8.RELEASE\spring-boot-starter-1.5.8.RELEASE.jar;F:\repository\org\springframework\boot\spring-boot\1.5.8.RELEASE\spring-boot-1.5.8.RELEASE.jar;F:\repository\org\springframework\boot\spring-boot-starter-logging\1.5.8.RELEASE\spring-boot-starter-logging-1.5.8.RELEASE.jar;F:\repository\ch\qos\logback\logback-classic\1.1.11\logback-classic-1.1.11.jar;F:\repository\ch\qos\logback\logback-core\1.1.11\logback-core-1.1.11.jar;F:\repository\org\slf4j\jcl-over-slf4j\1.7.25\jcl-over-slf4j-1.7.25.jar;F:\repository\org\slf4j\jul-to-slf4j\1.7.25\jul-to-slf4j-1.7.25.jar;F:\repository\org\slf4j\log4j-over-slf4j\1.7.25\log4j-over-slf4j-1.7.25.jar;F:\repository\org\yaml\snakeyaml\1.17\snakeyaml-1.17.jar;F:\repository\org\springframework\boot\spring-boot-starter-tomcat\1.5.8.RELEASE\spring-boot-starter-tomcat-1.5.8.RELEASE.jar;F:\repository\org\apache\tomcat\embed\tomcat-embed-core\8.5.23\tomcat-embed-core-8.5.23.jar;F:\repository\org\apache\tomcat\tomcat-annotations-api\8.5.23\tomcat-annotations-api-8.5.23.jar;F:\repository\org\apache\tomcat\embed\tomcat-embed-el\8.5.23\tomcat-embed-el-8.5.23.jar;F:\repository\org\apache\tomcat\embed\tomcat-embed-websocket\8.5.23\tomcat-embed-websocket-8.5.23.jar;F:\repository\org\hibernate\hibernate-validator\5.3.5.Final\hibernate-validator-5.3.5.Final.jar;F:\repository\javax\validation\validation-api\1.1.0.Final\validation-api-1.1.0.Final.jar;F:\repository\org\jboss\logging\jboss-logging\3.3.0.Final\jboss-logging-3.3.0.Final.jar;F:\repository\com\fasterxml\jackson\core\jackson-databind\2.8.10\jackson-databind-2.8.10.jar;F:\repository\com\fasterxml\jackson\core\jackson-annotations\2.8.0\jackson-annotations-2.8.0.jar;F:\repository\com\fasterxml\jackson\core\jackson-core\2.8.10\jackson-core-2.8.10.jar;F:\repository\org\springframework\spring-web\4.3.12.RELEASE\spring-web-4.3.12.RELEASE.jar;F:\repository\org\springframework\spring-aop\4.3.12.RELEASE\spring-aop-4.3.12.RELEASE.jar;F:\repository\org\springframework\spring-beans\4.3.12.RELEASE\spring-beans-4.3.12.RELEASE.jar;F:\repository\org\springframework\spring-context\4.3.12.RELEASE\spring-context-4.3.12.RELEASE.jar;F:\repository\org\springframework\spring-webmvc\4.3.12.RELEASE\spring-webmvc-4.3.12.RELEASE.jar;F:\repository\org\springframework\spring-expression\4.3.12.RELEASE\spring-expression-4.3.12.RELEASE.jar;F:\repository\org\springframework\boot\spring-boot-starter-test\1.5.8.RELEASE\spring-boot-starter-test-1.5.8.RELEASE.jar;F:\repository\org\springframework\boot\spring-boot-test\1.5.8.RELEASE\spring-boot-test-1.5.8.RELEASE.jar;F:\repository\org\springframework\boot\spring-boot-test-autoconfigure\1.5.8.RELEASE\spring-boot-test-autoconfigure-1.5.8.RELEASE.jar;F:\repository\com\jayway\jsonpath\json-path\2.2.0\json-path-2.2.0.jar;F:\repository\net\minidev\json-smart\2.2.1\json-smart-2.2.1.jar;F:\repository\net\minidev\accessors-smart\1.1\accessors-smart-1.1.jar;F:\repository\org\assertj\assertj-core\2.6.0\assertj-core-2.6.0.jar;F:\repository\org\mockito\mockito-core\1.10.19\mockito-core-1.10.19.jar;F:\repository\org\objenesis\objenesis\2.1\objenesis-2.1.jar;F:\repository\org\hamcrest\hamcrest-library\1.3\hamcrest-library-1.3.jar;F:\repository\org\skyscreamer\jsonassert\1.4.0\jsonassert-1.4.0.jar;F:\repository\com\vaadin\external\google\android-json\0.0.20131108.vaadin1\android-json-0.0.20131108.vaadin1.jar;F:\repository\org\springframework\spring-core\4.3.12.RELEASE\spring-core-4.3.12.RELEASE.jar;F:\repository\org\springframework\spring-test\4.3.12.RELEASE\spring-test-4.3.12.RELEASE.jar;F:\repository\io\springfox\springfox-swagger2\2.7.0\springfox-swagger2-2.7.0.jar;F:\repository\io\swagger\swagger-annotations\1.5.13\swagger-annotations-1.5.13.jar;F:\repository\io\swagger\swagger-models\1.5.13\swagger-models-1.5.13.jar;F:\repository\io\springfox\springfox-spi\2.7.0\springfox-spi-2.7.0.jar;F:\repository\io\springfox\springfox-core\2.7.0\springfox-core-2.7.0.jar;F:\repository\net\bytebuddy\byte-buddy\1.6.14\byte-buddy-1.6.14.jar;F:\repository\io\springfox\springfox-schema\2.7.0\springfox-schema-2.7.0.jar;F:\repository\io\springfox\springfox-swagger-common\2.7.0\springfox-swagger-common-2.7.0.jar;F:\repository\io\springfox\springfox-spring-web\2.7.0\springfox-spring-web-2.7.0.jar;F:\repository\org\reflections\reflections\0.9.11\reflections-0.9.11.jar;F:\repository\org\javassist\javassist\3.21.0-GA\javassist-3.21.0-GA.jar;F:\repository\com\google\guava\guava\18.0\guava-18.0.jar;F:\repository\com\fasterxml\classmate\1.3.3\classmate-1.3.3.jar;F:\repository\org\slf4j\slf4j-api\1.7.24\slf4j-api-1.7.24.jar;F:\repository\org\springframework\plugin\spring-plugin-core\1.2.0.RELEASE\spring-plugin-core-1.2.0.RELEASE.jar;F:\repository\org\springframework\plugin\spring-plugin-metadata\1.2.0.RELEASE\spring-plugin-metadata-1.2.0.RELEASE.jar;F:\repository\org\mapstruct\mapstruct\1.1.0.Final\mapstruct-1.1.0.Final.jar;F:\repository\io\springfox\springfox-swagger-ui\2.7.0\springfox-swagger-ui-2.7.0.jar;F:\repository\io\springfox\springfox-bean-validators\2.7.0\springfox-bean-validators-2.7.0.jar;F:\repository\org\springframework\cloud\spring-cloud-starter-feign\1.3.5.RELEASE\spring-cloud-starter-feign-1.3.5.RELEASE.jar;F:\repository\org\springframework\cloud\spring-cloud-starter\1.2.4.RELEASE\spring-cloud-starter-1.2.4.RELEASE.jar;F:\repository\org\springframework\cloud\spring-cloud-context\1.2.4.RELEASE\spring-cloud-context-1.2.4.RELEASE.jar;F:\repository\org\springframework\security\spring-security-rsa\1.0.3.RELEASE\spring-security-rsa-1.0.3.RELEASE.jar;F:\repository\org\bouncycastle\bcpkix-jdk15on\1.55\bcpkix-jdk15on-1.55.jar;F:\repository\org\bouncycastle\bcprov-jdk15on\1.55\bcprov-jdk15on-1.55.jar;F:\repository\org\springframework\cloud\spring-cloud-netflix-core\1.3.5.RELEASE\spring-cloud-netflix-core-1.3.5.RELEASE.jar;F:\repository\org\springframework\cloud\spring-cloud-commons\1.2.4.RELEASE\spring-cloud-commons-1.2.4.RELEASE.jar;F:\repository\org\springframework\security\spring-security-crypto\4.2.3.RELEASE\spring-security-crypto-4.2.3.RELEASE.jar;F:\repository\io\github\openfeign\feign-core\9.5.0\feign-core-9.5.0.jar;F:\repository\org\jvnet\animal-sniffer-annotation\1.0\animal-sniffer-annotation-1.0.jar;F:\repository\io\github\openfeign\feign-slf4j\9.5.0\feign-slf4j-9.5.0.jar;F:\repository\io\github\openfeign\feign-hystrix\9.5.0\feign-hystrix-9.5.0.jar;F:\repository\com\netflix\archaius\archaius-core\0.6.6\archaius-core-0.6.6.jar;F:\repository\com\google\code\findbugs\annotations\2.0.0\annotations-2.0.0.jar;F:\repository\org\springframework\cloud\spring-cloud-starter-ribbon\1.3.5.RELEASE\spring-cloud-starter-ribbon-1.3.5.RELEASE.jar;F:\repository\com\netflix\ribbon\ribbon\2.2.2\ribbon-2.2.2.jar;F:\repository\com\netflix\ribbon\ribbon-transport\2.2.2\ribbon-transport-2.2.2.jar;F:\repository\io\reactivex\rxnetty-contexts\0.4.9\rxnetty-contexts-0.4.9.jar;F:\repository\io\reactivex\rxnetty-servo\0.4.9\rxnetty-servo-0.4.9.jar;F:\repository\javax\inject\javax.inject\1\javax.inject-1.jar;F:\repository\io\reactivex\rxnetty\0.4.9\rxnetty-0.4.9.jar;F:\repository\io\netty\netty-codec-http\4.0.27.Final\netty-codec-http-4.0.27.Final.jar;F:\repository\io\netty\netty-codec\4.0.27.Final\netty-codec-4.0.27.Final.jar;F:\repository\io\netty\netty-handler\4.0.27.Final\netty-handler-4.0.27.Final.jar;F:\repository\io\netty\netty-transport-native-epoll\4.0.27.Final\netty-transport-native-epoll-4.0.27.Final.jar;F:\repository\io\netty\netty-common\4.0.27.Final\netty-common-4.0.27.Final.jar;F:\repository\io\netty\netty-buffer\4.0.27.Final\netty-buffer-4.0.27.Final.jar;F:\repository\io\netty\netty-transport\4.0.27.Final\netty-transport-4.0.27.Final.jar;F:\repository\com\netflix\ribbon\ribbon-core\2.2.2\ribbon-core-2.2.2.jar;F:\repository\commons-lang\commons-lang\2.6\commons-lang-2.6.jar;F:\repository\com\netflix\ribbon\ribbon-httpclient\2.2.2\ribbon-httpclient-2.2.2.jar;F:\repository\commons-collections\commons-collections\3.2.1\commons-collections-3.2.1.jar;F:\repository\com\netflix\netflix-commons\netflix-commons-util\0.1.1\netflix-commons-util-0.1.1.jar;F:\repository\com\netflix\ribbon\ribbon-loadbalancer\2.2.2\ribbon-loadbalancer-2.2.2.jar;F:\repository\com\netflix\netflix-commons\netflix-statistics\0.1.1\netflix-statistics-0.1.1.jar;F:\repository\io\reactivex\rxjava\1.1.10\rxjava-1.1.10.jar;F:\repository\org\springframework\cloud\spring-cloud-starter-archaius\1.3.5.RELEASE\spring-cloud-starter-archaius-1.3.5.RELEASE.jar;F:\repository\commons-configuration\commons-configuration\1.8\commons-configuration-1.8.jar;F:\repository\org\projectlombok\lombok\1.16.18\lombok-1.16.18.jar;F:\repository\org\springframework\cloud\spring-cloud-starter-eureka\1.3.5.RELEASE\spring-cloud-starter-eureka-1.3.5.RELEASE.jar;F:\repository\org\springframework\cloud\spring-cloud-netflix-eureka-client\1.3.5.RELEASE\spring-cloud-netflix-eureka-client-1.3.5.RELEASE.jar;F:\repository\com\netflix\eureka\eureka-client\1.6.2\eureka-client-1.6.2.jar;F:\repository\org\codehaus\jettison\jettison\1.3.7\jettison-1.3.7.jar;F:\repository\stax\stax-api\1.0.1\stax-api-1.0.1.jar;F:\repository\com\netflix\netflix-commons\netflix-eventbus\0.3.0\netflix-eventbus-0.3.0.jar;F:\repository\com\netflix\netflix-commons\netflix-infix\0.3.0\netflix-infix-0.3.0.jar;F:\repository\commons-jxpath\commons-jxpath\1.3\commons-jxpath-1.3.jar;F:\repository\joda-time\joda-time\2.3\joda-time-2.3.jar;F:\repository\org\antlr\antlr-runtime\3.4\antlr-runtime-3.4.jar;F:\repository\org\antlr\stringtemplate\3.2.1\stringtemplate-3.2.1.jar;F:\repository\antlr\antlr\2.7.7\antlr-2.7.7.jar;F:\repository\com\google\code\gson\gson\2.1\gson-2.1.jar;F:\repository\org\apache\commons\commons-math\2.2\commons-math-2.2.jar;F:\repository\javax\ws\rs\jsr311-api\1.1.1\jsr311-api-1.1.1.jar;F:\repository\com\netflix\servo\servo-core\0.10.1\servo-core-0.10.1.jar;F:\repository\com\netflix\servo\servo-internal\0.10.1\servo-internal-0.10.1.jar;F:\repository\com\sun\jersey\jersey-core\1.19.1\jersey-core-1.19.1.jar;F:\repository\com\sun\jersey\jersey-client\1.19.1\jersey-client-1.19.1.jar;F:\repository\com\sun\jersey\contribs\jersey-apache-client4\1.19.1\jersey-apache-client4-1.19.1.jar;F:\repository\org\apache\httpcomponents\httpclient\4.3.4\httpclient-4.3.4.jar;F:\repository\org\apache\httpcomponents\httpcore\4.3.2\httpcore-4.3.2.jar;F:\repository\commons-codec\commons-codec\1.6\commons-codec-1.6.jar;F:\repository\com\google\inject\guice\4.1.0\guice-4.1.0.jar;F:\repository\aopalliance\aopalliance\1.0\aopalliance-1.0.jar;F:\repository\com\netflix\eureka\eureka-core\1.6.2\eureka-core-1.6.2.jar;F:\repository\org\codehaus\woodstox\woodstox-core-asl\4.4.1\woodstox-core-asl-4.4.1.jar;F:\repository\javax\xml\stream\stax-api\1.0-2\stax-api-1.0-2.jar;F:\repository\org\codehaus\woodstox\stax2-api\3.1.4\stax2-api-3.1.4.jar;F:\repository\com\netflix\ribbon\ribbon-eureka\2.2.2\ribbon-eureka-2.2.2.jar;F:\repository\com\thoughtworks\xstream\xstream\1.4.9\xstream-1.4.9.jar;F:\repository\xmlpull\xmlpull\1.1.3.1\xmlpull-1.1.3.1.jar;F:\repository\xpp3\xpp3_min\1.1.4c\xpp3_min-1.1.4c.jar;F:\repository\org\aspectj\aspectjrt\1.7.1\aspectjrt-1.7.1.jar;F:\repository\org\aspectj\aspectjweaver\1.7.1\aspectjweaver-1.7.1.jar;F:\repository\org\springframework\spring-aspects\4.3.12.RELEASE\spring-aspects-4.3.12.RELEASE.jar;F:\repository\com\netflix\hystrix\hystrix-javanica\1.5.12\hystrix-javanica-1.5.12.jar;F:\repository\org\apache\commons\commons-lang3\3.1\commons-lang3-3.1.jar;F:\repository\org\ow2\asm\asm\5.0.4\asm-5.0.4.jar;F:\repository\com\netflix\hystrix\hystrix-core\1.5.12\hystrix-core-1.5.12.jar;F:\repository\org\hdrhistogram\HdrHistogram\2.1.9\HdrHistogram-2.1.9.jar;F:\repository\org\mybatis\spring\boot\mybatis-spring-boot-starter\1.3.1\mybatis-spring-boot-starter-1.3.1.jar;F:\repository\org\springframework\boot\spring-boot-starter-jdbc\1.5.6.RELEASE\spring-boot-starter-jdbc-1.5.6.RELEASE.jar;F:\repository\org\apache\tomcat\tomcat-jdbc\8.5.16\tomcat-jdbc-8.5.16.jar;F:\repository\org\apache\tomcat\tomcat-juli\8.5.16\tomcat-juli-8.5.16.jar;F:\repository\org\springframework\spring-jdbc\4.3.10.RELEASE\spring-jdbc-4.3.10.RELEASE.jar;F:\repository\org\springframework\spring-tx\4.3.10.RELEASE\spring-tx-4.3.10.RELEASE.jar;F:\repository\org\mybatis\spring\boot\mybatis-spring-boot-autoconfigure\1.3.1\mybatis-spring-boot-autoconfigure-1.3.1.jar;F:\repository\org\mybatis\mybatis\3.4.5\mybatis-3.4.5.jar;F:\repository\org\mybatis\mybatis-spring\1.3.1\mybatis-spring-1.3.1.jar;F:\repository\com\github\pagehelper\pagehelper\5.1.2\pagehelper-5.1.2.jar;F:\repository\com\github\jsqlparser\jsqlparser\1.0\jsqlparser-1.0.jar;F:\repository\com\alibaba\druid-spring-boot-starter\1.1.5\druid-spring-boot-starter-1.1.5.jar;F:\repository\com\alibaba\druid\1.1.5\druid-1.1.5.jar;F:\repository\org\springframework\boot\spring-boot-autoconfigure\1.5.6.RELEASE\spring-boot-autoconfigure-1.5.6.RELEASE.jar;F:\repository\mysql\mysql-connector-java\5.1.44\mysql-connector-java-5.1.44.jar;F:\repository\com\alibaba\fastjson\1.2.41\fastjson-1.2.41.jar;F:\repository\org\springframework\boot\spring-boot-starter-freemarker\1.5.8.RELEASE\spring-boot-starter-freemarker-1.5.8.RELEASE.jar;F:\repository\org\freemarker\freemarker\2.3.26-incubating\freemarker-2.3.26-incubating.jar;F:\repository\org\springframework\spring-context-support\4.3.12.RELEASE\spring-context-support-4.3.12.RELEASE.jar;F:\repository\commons-io\commons-io\2.4\commons-io-2.4.jar;F:\repository\org\springframework\boot\spring-boot-starter-actuator\1.5.8.RELEASE\spring-boot-starter-actuator-1.5.8.RELEASE.jar;F:\repository\org\springframework\boot\spring-boot-actuator\1.5.8.RELEASE\spring-boot-actuator-1.5.8.RELEASE.jar;F:\repository\junit\junit\4.12\junit-4.12.jar;F:\repository\org\hamcrest\hamcrest-core\1.3\hamcrest-core-1.3.jar;"/>
    <property name="sun.cpu.endian" value="little"/>
    <property name="user.home" value="C:\Users\Hui"/>
    <property name="user.language" value="zh"/>
    <property name="java.specification.vendor" value="Oracle Corporation"/>
    <property name="java.home" value="C:\Program Files\Java\jdk1.8.0_144\jre"/>
    <property name="basedir" value="F:\gitProject\user-management\modules\sdk"/>
    <property name="file.separator" value="\"/>
    <property name="line.separator" value="&#10;"/>
    <property name="java.vm.specification.vendor" value="Oracle Corporation"/>
    <property name="java.specification.name" value="Java Platform API Specification"/>
    <property name="java.awt.graphicsenv" value="sun.awt.Win32GraphicsEnvironment"/>
    <property name="surefire.real.class.path" value="C:\Users\Hui\AppData\Local\Temp\surefire7840650656572721980\surefirebooter631409418719857568.jar"/>
    <property name="sun.boot.class.path" value="C:\Program Files\Java\jdk1.8.0_144\jre\lib\resources.jar;C:\Program Files\Java\jdk1.8.0_144\jre\lib\rt.jar;C:\Program Files\Java\jdk1.8.0_144\jre\lib\sunrsasign.jar;C:\Program Files\Java\jdk1.8.0_144\jre\lib\jsse.jar;C:\Program Files\Java\jdk1.8.0_144\jre\lib\jce.jar;C:\Program Files\Java\jdk1.8.0_144\jre\lib\charsets.jar;C:\Program Files\Java\jdk1.8.0_144\jre\lib\jfr.jar;C:\Program Files\Java\jdk1.8.0_144\jre\classes"/>
    <property name="user.script" value=""/>
    <property name="sun.management.compiler" value="HotSpot 64-Bit Tiered Compilers"/>
    <property name="java.runtime.version" value="1.8.0_144-b01"/>
    <property name="user.name" value="Hui"/>
    <property name="path.separator" value=";"/>
    <property name="os.version" value="10.0"/>
    <property name="java.endorsed.dirs" value="C:\Program Files\Java\jdk1.8.0_144\jre\lib\endorsed"/>
    <property name="java.runtime.name" value="Java(TM) SE Runtime Environment"/>
    <property name="file.encoding" value="GBK"/>
    <property name="java.vm.name" value="Java HotSpot(TM) 64-Bit Server VM"/>
    <property name="localRepository" value="F:\repository"/>
    <property name="java.vendor.url.bug" value="http://bugreport.sun.com/bugreport/"/>
    <property name="java.io.tmpdir" value="C:\Users\Hui\AppData\Local\Temp\"/>
    <property name="java.version" value="1.8.0_144"/>
    <property name="user.dir" value="F:\gitProject\user-management\modules\sdk"/>
    <property name="os.arch" value="amd64"/>
    <property name="java.vm.specification.name" value="Java Virtual Machine Specification"/>
    <property name="java.awt.printerjob" value="sun.awt.windows.WPrinterJob"/>
    <property name="sun.os.patch.level" value=""/>
    <property name="java.library.path" value="C:\Program Files\Java\jdk1.8.0_144\jre\bin;C:\WINDOWS\Sun\Java\bin;C:\WINDOWS\system32;C:\WINDOWS;C:\Program Files (x86)\Intel\iCLS Client\;C:\Program Files\Intel\iCLS Client\;C:\Windows\system32;C:\Windows;C:\Windows\System32\Wbem;C:\Windows\System32\WindowsPowerShell\v1.0\;C:\Program Files (x86)\NVIDIA Corporation\PhysX\Common;C:\Program Files (x86)\Intel\Intel(R) Management Engine Components\DAL;C:\Program Files\Intel\Intel(R) Management Engine Components\DAL;C:\Program Files (x86)\Intel\Intel(R) Management Engine Components\IPT;C:\Program Files\Intel\Intel(R) Management Engine Components\IPT;C:\Program Files\Java\jdk1.8.0_144\bin;C:\Program Files\Java\jdk1.8.0_144\jre\bin;D:\Program Files\apache-maven-3.5.0\bin;F:\software\mysql-5.7.20-winx64\bin;C:\Program Files (x86)\Windows Live\Shared;C:\WINDOWS\system32;C:\WINDOWS;C:\WINDOWS\System32\Wbem;C:\WINDOWS\System32\WindowsPowerShell\v1.0\;C:\Program Files\Git\cmd;C:\WINDOWS\System32\OpenSSH\;C:\Users\Hui\AppData\Local\Programs\Python\Python36\Scripts\;C:\Users\Hui\AppData\Local\Programs\Python\Python36\;C:\Users\Hui\AppData\Local\Microsoft\WindowsApps;;C:\Program Files\Docker Toolbox;."/>
    <property name="java.vm.info" value="mixed mode"/>
    <property name="java.vendor" value="Oracle Corporation"/>
    <property name="java.vm.version" value="25.144-b01"/>
    <property name="java.ext.dirs" value="C:\Program Files\Java\jdk1.8.0_144\jre\lib\ext;C:\WINDOWS\Sun\Java\lib\ext"/>
    <property name="sun.io.unicode.encoding" value="UnicodeLittle"/>
    <property name="java.class.version" value="52.0"/>
  </properties>
  <testcase name="shouldAnswerWithTrue" classname="com.mermaid.application.AppTest" time="0"/>
</testsuite>